<?xml version="1.0" encoding="UTF-8"?>
<!-- Generated by org.testng.reporters.JUnitReportReporter -->
<testsuite skipped="0" hostname="TUTUCOMP2" name="com.qa.hs.tests.LoginTest" tests="2" failures="0" timestamp="05 Apr 2019 12:40:35 GMT" time="217.495" errors="0">
  <testcase name="signUpTest" time="112.653" classname="com.qa.hs.tests.LoginTest"/>
  <testcase name="loginTest" time="104.842" classname="com.qa.hs.tests.LoginTest"/>
</testsuite> <!-- com.qa.hs.tests.LoginTest -->
